WARNING 2019-09-11 21:38:32,158 log 8388 12480 Not Found: /static/md_css/monokai.css
WARNING 2019-09-11 21:38:32,160 log 8388 12000 Not Found: /media/article/20190909/u25937026633086227939fm26gp0_dPnXctV.jpg
WARNING 2019-09-11 21:38:32,161 log 8388 13272 Not Found: /media/article/20190905/f3ef19abc3014e9097ddbaa6ea9212ec_th.jfif
WARNING 2019-09-11 21:38:32,186 log 8388 13272 Not Found: /static/jquery/jQuery3.4.1.js
WARNING 2019-09-11 21:38:32,189 log 8388 12000 Not Found: /media/article/20190909/н╒пе╫ьм╪_20190909083905.png
WARNING 2019-09-11 21:38:32,192 log 8388 12480 Not Found: /static/popper/popper.js
WARNING 2019-09-11 21:38:32,236 log 8388 9308 Not Found: /static/bootstrap/js/bootstrap.min.js
WARNING 2019-09-11 21:38:32,239 log 8388 2992 Not Found: /static/layer/layer.js
WARNING 2019-09-11 21:38:39,760 log 8388 2992 Not Found: /static/md_css/monokai.css
WARNING 2019-09-11 21:44:35,866 log 8388 13904 Not Found: /static/md_css/monokai.css
WARNING 2019-09-11 21:44:35,868 log 8388 10700 Not Found: /media/article/20190909/u25937026633086227939fm26gp0_dPnXctV.jpg
WARNING 2019-09-11 21:44:35,872 log 8388 12944 Not Found: /media/article/20190905/f3ef19abc3014e9097ddbaa6ea9212ec_th.jfif
WARNING 2019-09-11 21:44:35,884 log 8388 12944 Not Found: /static/jquery/jQuery3.4.1.js
WARNING 2019-09-11 21:44:35,885 log 8388 10700 Not Found: /static/popper/popper.js
WARNING 2019-09-11 21:44:35,886 log 8388 13904 Not Found: /media/article/20190909/н╒пе╫ьм╪_20190909083905.png
WARNING 2019-09-11 21:44:35,888 log 8388 6492 Not Found: /static/bootstrap/js/bootstrap.min.js
WARNING 2019-09-11 21:44:35,893 log 8388 1008 Not Found: /static/layer/layer.js
WARNING 2019-09-11 21:44:37,674 log 8388 1008 Not Found: /static/md_css/monokai.css
WARNING 2019-09-11 21:44:39,234 log 8388 1008 Not Found: /static/jquery/jQuery3.4.1.js
WARNING 2019-09-11 21:44:39,243 log 8388 1008 Not Found: /static/popper/popper.js
WARNING 2019-09-11 21:44:39,253 log 8388 1008 Not Found: /static/bootstrap/js/bootstrap.min.js
WARNING 2019-09-11 21:44:39,262 log 8388 1008 Not Found: /static/layer/layer.js
WARNING 2019-09-11 21:44:39,279 log 8388 1008 Not Found: /static/images/bitbug_favicon.ico
WARNING 2019-09-11 21:52:21,945 log 14144 4824 Not Found: /static/md_css/monokai.css
WARNING 2019-09-11 21:52:21,948 log 14144 10836 Not Found: /media/article/20190909/u25937026633086227939fm26gp0_dPnXctV.jpg
WARNING 2019-09-11 21:52:21,951 log 14144 13216 Not Found: /media/article/20190905/f3ef19abc3014e9097ddbaa6ea9212ec_th.jfif
WARNING 2019-09-11 21:52:21,968 log 14144 10836 Not Found: /static/jquery/jQuery3.4.1.js
WARNING 2019-09-11 21:52:21,969 log 14144 4824 Not Found: /static/popper/popper.js
WARNING 2019-09-11 21:52:21,970 log 14144 13216 Not Found: /media/article/20190909/н╒пе╫ьм╪_20190909083905.png
WARNING 2019-09-11 21:52:21,972 log 14144 14044 Not Found: /static/bootstrap/js/bootstrap.min.js
WARNING 2019-09-11 21:52:21,975 log 14144 11712 Not Found: /static/layer/layer.js
WARNING 2019-09-11 21:52:22,080 log 14144 11712 Not Found: /static/jquery/jQuery3.4.1.js
WARNING 2019-09-11 21:52:22,098 log 14144 11712 Not Found: /static/popper/popper.js
WARNING 2019-09-11 21:52:22,110 log 14144 11712 Not Found: /static/bootstrap/js/bootstrap.min.js
WARNING 2019-09-11 21:52:22,119 log 14144 11712 Not Found: /static/layer/layer.js
WARNING 2019-09-11 21:52:22,136 log 14144 11712 Not Found: /static/images/bitbug_favicon.ico
WARNING 2019-09-11 21:52:23,944 log 14144 11712 Not Found: /static/md_css/monokai.css
WARNING 2019-09-11 21:52:23,966 log 14144 11712 Not Found: /static/jquery/jQuery3.4.1.js
WARNING 2019-09-11 21:52:23,967 log 14144 14044 Not Found: /static/popper/popper.js
WARNING 2019-09-11 21:52:23,968 log 14144 13216 Not Found: /static/bootstrap/js/bootstrap.min.js
WARNING 2019-09-11 21:52:23,974 log 14144 13216 Not Found: /static/layer/layer.js
WARNING 2019-09-11 21:52:23,975 log 14144 14044 Not Found: /static/jquery/jQuery3.4.1.js
WARNING 2019-09-11 21:52:23,976 log 14144 11712 Not Found: /media/article/20190909/u25937026633086227939fm26gp0_dPnXctV.jpg
WARNING 2019-09-11 21:52:23,996 log 14144 11712 Not Found: /media/article/20190905/f3ef19abc3014e9097ddbaa6ea9212ec_th.jfif
WARNING 2019-09-11 21:52:23,998 log 14144 13216 Not Found: /static/popper/popper.js
WARNING 2019-09-11 21:52:23,999 log 14144 14044 Not Found: /media/article/20190909/н╒пе╫ьм╪_20190909083905.png
WARNING 2019-09-11 21:52:24,005 log 14144 14044 Not Found: /static/bootstrap/js/bootstrap.min.js
WARNING 2019-09-11 21:52:24,009 log 14144 14044 Not Found: /static/layer/layer.js
WARNING 2019-09-11 21:52:27,871 log 14144 14044 Not Found: /static/md_css/monokai.css
WARNING 2019-09-11 21:52:27,910 log 14144 14044 Not Found: /static/jquery/jQuery3.4.1.js
WARNING 2019-09-11 21:52:27,911 log 14144 13216 Not Found: /static/popper/popper.js
WARNING 2019-09-11 21:52:27,922 log 14144 13216 Not Found: /static/bootstrap/js/bootstrap.min.js
WARNING 2019-09-11 21:52:27,931 log 14144 13216 Not Found: /static/layer/layer.js
WARNING 2019-09-11 21:52:27,934 log 14144 14044 Not Found: /media/article/20190909/u25937026633086227939fm26gp0_dPnXctV.jpg
WARNING 2019-09-11 21:52:27,935 log 14144 11712 Not Found: /media/article/20190905/f3ef19abc3014e9097ddbaa6ea9212ec_th.jfif
WARNING 2019-09-11 21:52:27,955 log 14144 11712 Not Found: /static/jquery/jQuery3.4.1.js
WARNING 2019-09-11 21:52:27,956 log 14144 14044 Not Found: /media/article/20190909/н╒пе╫ьм╪_20190909083905.png
WARNING 2019-09-11 21:52:27,963 log 14144 14044 Not Found: /static/popper/popper.js
WARNING 2019-09-11 21:52:27,973 log 14144 14044 Not Found: /static/bootstrap/js/bootstrap.min.js
WARNING 2019-09-11 21:52:27,985 log 14144 14044 Not Found: /static/layer/layer.js
WARNING 2019-09-11 21:52:27,988 log 14144 11712 Not Found: /static/md_css/monokai.css
WARNING 2019-09-11 21:57:39,457 log 14172 12500 Not Found: /media/article/20190909/u25937026633086227939fm26gp0_dPnXctV.jpg
WARNING 2019-09-11 21:57:39,459 log 14172 13716 Not Found: /media/article/20190905/f3ef19abc3014e9097ddbaa6ea9212ec_th.jfif
WARNING 2019-09-11 21:57:39,460 log 14172 7588 Not Found: /static/md_css/monokai.css
WARNING 2019-09-11 21:57:39,473 log 14172 7588 Not Found: /static/jquery/jQuery3.4.1.js
WARNING 2019-09-11 21:57:39,477 log 14172 13716 Not Found: /media/article/20190909/н╒пе╫ьм╪_20190909083905.png
WARNING 2019-09-11 21:57:39,478 log 14172 12500 Not Found: /static/popper/popper.js
WARNING 2019-09-11 21:57:39,480 log 14172 8476 Not Found: /static/bootstrap/js/bootstrap.min.js
WARNING 2019-09-11 21:57:39,484 log 14172 5116 Not Found: /static/layer/layer.js
WARNING 2019-09-11 21:57:57,651 log 11504 9460 Not Found: /media/article/20190909/u25937026633086227939fm26gp0_dPnXctV.jpg
WARNING 2019-09-11 21:57:57,652 log 11504 4236 Not Found: /static/md_css/monokai.css
WARNING 2019-09-11 21:57:57,653 log 11504 13760 Not Found: /media/article/20190905/f3ef19abc3014e9097ddbaa6ea9212ec_th.jfif
WARNING 2019-09-11 21:57:57,670 log 11504 13760 Not Found: /static/jquery/jQuery3.4.1.js
WARNING 2019-09-11 21:57:57,672 log 11504 4236 Not Found: /media/article/20190909/н╒пе╫ьм╪_20190909083905.png
WARNING 2019-09-11 21:57:57,674 log 11504 9460 Not Found: /static/popper/popper.js
WARNING 2019-09-11 21:57:57,677 log 11504 5612 Not Found: /static/bootstrap/js/bootstrap.min.js
WARNING 2019-09-11 21:57:57,679 log 11504 11008 Not Found: /static/layer/layer.js
WARNING 2019-09-11 21:58:00,740 log 11504 11008 Not Found: /static/jquery/jQuery3.4.1.js
WARNING 2019-09-11 21:58:00,745 log 11504 11008 Not Found: /static/popper/popper.js
WARNING 2019-09-11 21:58:00,751 log 11504 11008 Not Found: /static/bootstrap/js/bootstrap.min.js
WARNING 2019-09-11 21:58:00,756 log 11504 11008 Not Found: /static/layer/layer.js
WARNING 2019-09-11 21:58:00,807 log 11504 11008 Not Found: /static/jquery/jQuery3.4.1.js
WARNING 2019-09-11 21:58:00,859 log 11504 11008 Not Found: /static/popper/popper.js
WARNING 2019-09-11 21:58:00,867 log 11504 11008 Not Found: /static/bootstrap/js/bootstrap.min.js
WARNING 2019-09-11 21:58:00,873 log 11504 11008 Not Found: /static/layer/layer.js
WARNING 2019-09-11 21:58:08,432 log 11504 11008 Not Found: /static/md_css/monokai.css
